0 info it worked if it ends with ok
1 verbose cli [ '/home/ry/.nvm/versions/v0.12.0/bin/node',
1 verbose cli   '/home/ry/.nvm/versions/v0.12.0/bin/npm',
1 verbose cli   'install' ]
2 info using npm@2.5.1
3 info using node@v0.12.0
4 warn package.json gamular@0.0.1 No repository field.
5 warn package.json Dependency 'grunt-cli' exists in both dependencies and devDependencies, using 'grunt-cli@~0.1.13' from dependencies
6 verbose install where, deps [ '/home/ry/git/gamular.ui',
6 verbose install   [ 'bower',
6 verbose install     'grunt-cli',
6 verbose install     'grunt-connect-proxy',
6 verbose install     'grunt-contrib-connect',
6 verbose install     'grunt-jsonlint',
6 verbose install     'grunt-angular-templates',
6 verbose install     'grunt-bootlint',
6 verbose install     'grunt-contrib-clean',
6 verbose install     'grunt-contrib-concat',
6 verbose install     'grunt-contrib-copy',
6 verbose install     'grunt-contrib-csslint',
6 verbose install     'grunt-contrib-cssmin',
6 verbose install     'grunt-contrib-jshint',
6 verbose install     'grunt-contrib-uglify',
6 verbose install     'grunt-contrib-watch',
6 verbose install     'grunt-karma',
6 verbose install     'grunt-usemin',
6 verbose install     'karma',
6 verbose install     'karma-chrome-launcher',
6 verbose install     'karma-coverage',
6 verbose install     'karma-firefox-launcher',
6 verbose install     'karma-mocha',
6 verbose install     'karma-ng-html2js-preprocessor',
6 verbose install     'karma-phantomjs-launcher',
6 verbose install     'karma-sinon-chai',
6 verbose install     'karma-spec-reporter',
6 verbose install     'karma-tap-reporter',
6 verbose install     'load-grunt-tasks',
6 verbose install     'mocha' ] ]
7 verbose install where, peers [ '/home/ry/git/gamular.ui', [] ]
8 info preinstall gamular@0.0.1
9 verbose already installed skipping grunt-contrib-clean@~0.6.0 /home/ry/git/gamular.ui
10 verbose already installed skipping grunt-contrib-concat@~0.4.0 /home/ry/git/gamular.ui
11 verbose already installed skipping grunt-contrib-copy@~0.5.0 /home/ry/git/gamular.ui
12 verbose already installed skipping grunt-contrib-csslint@^0.2.0 /home/ry/git/gamular.ui
13 verbose already installed skipping grunt-contrib-cssmin@~0.10.0 /home/ry/git/gamular.ui
14 verbose already installed skipping grunt-contrib-jshint@~0.10.0 /home/ry/git/gamular.ui
15 verbose already installed skipping grunt-contrib-uglify@~0.5.1 /home/ry/git/gamular.ui
16 verbose already installed skipping grunt-contrib-watch@~0.6.1 /home/ry/git/gamular.ui
17 verbose already installed skipping grunt-karma@~0.8.2 /home/ry/git/gamular.ui
18 verbose already installed skipping grunt-usemin@^2.4.0 /home/ry/git/gamular.ui
19 verbose already installed skipping karma@~0.12.0 /home/ry/git/gamular.ui
20 verbose already installed skipping karma-chrome-launcher@~0.1.2 /home/ry/git/gamular.ui
21 verbose already installed skipping karma-coverage@~0.2.0 /home/ry/git/gamular.ui
22 verbose already installed skipping karma-firefox-launcher@~0.1.3 /home/ry/git/gamular.ui
23 verbose already installed skipping karma-mocha@^0.1.9 /home/ry/git/gamular.ui
24 verbose already installed skipping karma-ng-html2js-preprocessor@~0.1.0 /home/ry/git/gamular.ui
25 verbose already installed skipping karma-phantomjs-launcher@~0.1.2 /home/ry/git/gamular.ui
26 verbose already installed skipping karma-sinon-chai@^0.2.0 /home/ry/git/gamular.ui
27 verbose already installed skipping karma-spec-reporter@0.0.16 /home/ry/git/gamular.ui
28 verbose already installed skipping karma-tap-reporter@0.0.3 /home/ry/git/gamular.ui
29 verbose already installed skipping load-grunt-tasks@~0.6.0 /home/ry/git/gamular.ui
30 verbose already installed skipping mocha@^1.21.5 /home/ry/git/gamular.ui
31 verbose already installed skipping bower@^1.3.12 /home/ry/git/gamular.ui
32 verbose already installed skipping grunt-cli@~0.1.13 /home/ry/git/gamular.ui
33 verbose already installed skipping grunt-connect-proxy@^0.1.11 /home/ry/git/gamular.ui
34 verbose already installed skipping grunt-contrib-connect@^0.6.0 /home/ry/git/gamular.ui
35 verbose already installed skipping grunt-jsonlint@^1.0.4 /home/ry/git/gamular.ui
36 verbose already installed skipping grunt-angular-templates@^0.5.7 /home/ry/git/gamular.ui
37 verbose already installed skipping grunt-bootlint@^0.8.0 /home/ry/git/gamular.ui
38 silly install resolved []
39 info build /home/ry/git/gamular.ui
40 verbose linkStuff [ false, false, false, '/home/ry/git' ]
41 info linkStuff gamular@0.0.1
42 verbose linkBins gamular@0.0.1
43 verbose linkMans gamular@0.0.1
44 verbose rebuildBundles gamular@0.0.1
45 verbose rebuildBundles [ '.bin',
45 verbose rebuildBundles   'bower',
45 verbose rebuildBundles   'grunt',
45 verbose rebuildBundles   'grunt-angular-templates',
45 verbose rebuildBundles   'grunt-bootlint',
45 verbose rebuildBundles   'grunt-cli',
45 verbose rebuildBundles   'grunt-connect-proxy',
45 verbose rebuildBundles   'grunt-contrib-clean',
45 verbose rebuildBundles   'grunt-contrib-concat',
45 verbose rebuildBundles   'grunt-contrib-connect',
45 verbose rebuildBundles   'grunt-contrib-copy',
45 verbose rebuildBundles   'grunt-contrib-csslint',
45 verbose rebuildBundles   'grunt-contrib-cssmin',
45 verbose rebuildBundles   'grunt-contrib-jshint',
45 verbose rebuildBundles   'grunt-contrib-uglify',
45 verbose rebuildBundles   'grunt-contrib-watch',
45 verbose rebuildBundles   'grunt-jsonlint',
45 verbose rebuildBundles   'grunt-karma',
45 verbose rebuildBundles   'grunt-usemin',
45 verbose rebuildBundles   'karma',
45 verbose rebuildBundles   'karma-chrome-launcher',
45 verbose rebuildBundles   'karma-coverage',
45 verbose rebuildBundles   'karma-firefox-launcher',
45 verbose rebuildBundles   'karma-mocha',
45 verbose rebuildBundles   'karma-ng-html2js-preprocessor',
45 verbose rebuildBundles   'karma-phantomjs-launcher',
45 verbose rebuildBundles   'karma-sinon-chai',
45 verbose rebuildBundles   'karma-spec-reporter',
45 verbose rebuildBundles   'karma-tap-reporter',
45 verbose rebuildBundles   'load-grunt-tasks',
45 verbose rebuildBundles   'mocha' ]
46 verbose rebuild bundle /home/ry/git/gamular.ui/node_modules/grunt
47 info build /home/ry/git/gamular.ui/node_modules/grunt
48 info preinstall grunt@0.4.5
49 verbose linkStuff [ false, false, false, '/home/ry/git/gamular.ui/node_modules' ]
50 info linkStuff grunt@0.4.5
51 verbose linkBins grunt@0.4.5
52 verbose linkMans grunt@0.4.5
53 verbose rebuildBundles grunt@0.4.5
54 verbose rebuildBundles [ '.bin',
54 verbose rebuildBundles   'async',
54 verbose rebuildBundles   'coffee-script',
54 verbose rebuildBundles   'colors',
54 verbose rebuildBundles   'dateformat',
54 verbose rebuildBundles   'eventemitter2',
54 verbose rebuildBundles   'exit',
54 verbose rebuildBundles   'findup-sync',
54 verbose rebuildBundles   'getobject',
54 verbose rebuildBundles   'glob',
54 verbose rebuildBundles   'grunt-legacy-log',
54 verbose rebuildBundles   'grunt-legacy-util',
54 verbose rebuildBundles   'hooker',
54 verbose rebuildBundles   'iconv-lite',
54 verbose rebuildBundles   'js-yaml',
54 verbose rebuildBundles   'lodash',
54 verbose rebuildBundles   'minimatch',
54 verbose rebuildBundles   'nopt',
54 verbose rebuildBundles   'rimraf',
54 verbose rebuildBundles   'underscore.string',
54 verbose rebuildBundles   'which' ]
55 info install grunt@0.4.5
56 info postinstall grunt@0.4.5
57 info install gamular@0.0.1
58 info postinstall gamular@0.0.1
59 verbose unsafe-perm in lifecycle true
60 info gamular@0.0.1 Failed to exec postinstall script
61 verbose stack Error: gamular@0.0.1 postinstall: `bower install --config.interactive=false`
61 verbose stack Exit status 1
61 verbose stack     at EventEmitter.<anonymous> (/home/ry/.nvm/versions/v0.12.0/lib/node_modules/npm/lib/utils/lifecycle.js:213:16)
61 verbose stack     at EventEmitter.emit (events.js:110:17)
61 verbose stack     at ChildProcess.<anonymous> (/home/ry/.nvm/versions/v0.12.0/lib/node_modules/npm/lib/utils/spawn.js:14:12)
61 verbose stack     at ChildProcess.emit (events.js:110:17)
61 verbose stack     at maybeClose (child_process.js:1008:16)
61 verbose stack     at Process.ChildProcess._handle.onexit (child_process.js:1080:5)
62 verbose pkgid gamular@0.0.1
63 verbose cwd /home/ry/git/gamular.ui
64 error Linux 3.13.0-43-generic
65 error argv "/home/ry/.nvm/versions/v0.12.0/bin/node" "/home/ry/.nvm/versions/v0.12.0/bin/npm" "install"
66 error node v0.12.0
67 error npm  v2.5.1
68 error code ELIFECYCLE
69 error gamular@0.0.1 postinstall: `bower install --config.interactive=false`
69 error Exit status 1
70 error Failed at the gamular@0.0.1 postinstall script 'bower install --config.interactive=false'.
70 error This is most likely a problem with the gamular package,
70 error not with npm itself.
70 error Tell the author that this fails on your system:
70 error     bower install --config.interactive=false
70 error You can get their info via:
70 error     npm owner ls gamular
70 error There is likely additional logging output above.
71 verbose exit [ 1, true ]
